0 info it worked if it ends with ok
1 verbose cli [ '/usr/local/bin/node',
1 verbose cli   '/usr/local/bin/npm',
1 verbose cli   'install',
1 verbose cli   '-g',
1 verbose cli   'babel' ]
2 info using npm@4.1.2
3 info using node@v6.9.2
4 silly loadCurrentTree Starting
5 silly install loadCurrentTree
6 silly install readGlobalPackageData
7 silly fetchPackageMetaData babel
8 silly fetchNamedPackageData babel
9 silly mapToRegistry name babel
10 silly mapToRegistry using default registry
11 silly mapToRegistry registry https://registry.npmjs.org/
12 silly mapToRegistry data Result {
12 silly mapToRegistry   raw: 'babel',
12 silly mapToRegistry   scope: null,
12 silly mapToRegistry   escapedName: 'babel',
12 silly mapToRegistry   name: 'babel',
12 silly mapToRegistry   rawSpec: '',
12 silly mapToRegistry   spec: 'latest',
12 silly mapToRegistry   type: 'tag' }
13 silly mapToRegistry uri https://registry.npmjs.org/babel
14 verbose request uri https://registry.npmjs.org/babel
15 verbose request no auth needed
16 info attempt registry request try #1 at 2:28:31 PM
17 verbose request id 5852a9552099ae4f
18 verbose etag W/"58933d7c-3c22a"
19 verbose lastModified Thu, 02 Feb 2017 14:09:00 GMT
20 http request GET https://registry.npmjs.org/babel
21 http 304 https://registry.npmjs.org/babel
22 verbose headers { date: 'Fri, 03 Feb 2017 19:28:31 GMT',
22 verbose headers   via: '1.1 varnish',
22 verbose headers   'cache-control': 'max-age=300',
22 verbose headers   etag: 'W/"58933d7c-3c22a"',
22 verbose headers   age: '223',
22 verbose headers   connection: 'keep-alive',
22 verbose headers   'x-served-by': 'cache-atl6251-ATL',
22 verbose headers   'x-cache': 'HIT',
22 verbose headers   'x-cache-hits': '1',
22 verbose headers   'x-timer': 'S1486150111.575618,VS0,VE0',
22 verbose headers   vary: 'Accept-Encoding' }
23 silly get cb [ 304,
23 silly get   { date: 'Fri, 03 Feb 2017 19:28:31 GMT',
23 silly get     via: '1.1 varnish',
23 silly get     'cache-control': 'max-age=300',
23 silly get     etag: 'W/"58933d7c-3c22a"',
23 silly get     age: '223',
23 silly get     connection: 'keep-alive',
23 silly get     'x-served-by': 'cache-atl6251-ATL',
23 silly get     'x-cache': 'HIT',
23 silly get     'x-cache-hits': '1',
23 silly get     'x-timer': 'S1486150111.575618,VS0,VE0',
23 silly get     vary: 'Accept-Encoding' } ]
24 verbose etag https://registry.npmjs.org/babel from cache
25 verbose get saving babel to /Users/gabriellaroncone/.npm/registry.npmjs.org/babel/.cache.json
26 verbose correctMkdir /Users/gabriellaroncone/.npm correctMkdir not in flight; initializing
27 silly install normalizeTree
28 silly loadCurrentTree Finishing
29 silly loadIdealTree Starting
30 silly install loadIdealTree
31 silly cloneCurrentTree Starting
32 silly install cloneCurrentTreeToIdealTree
33 silly cloneCurrentTree Finishing
34 silly loadShrinkwrap Starting
35 silly install loadShrinkwrap
36 silly loadShrinkwrap Finishing
37 silly loadAllDepsIntoIdealTree Starting
38 silly install loadAllDepsIntoIdealTree
39 silly resolveWithNewModule babel@6.5.2 checking installable status
40 silly cache add args [ 'babel', null ]
41 verbose cache add spec babel
42 silly cache add parsed spec Result {
42 silly cache add   raw: 'babel',
42 silly cache add   scope: null,
42 silly cache add   escapedName: 'babel',
42 silly cache add   name: 'babel',
42 silly cache add   rawSpec: '',
42 silly cache add   spec: 'latest',
42 silly cache add   type: 'tag' }
43 silly addNamed babel@latest
44 verbose addNamed "latest" is being treated as a dist-tag for babel
45 info addNameTag [ 'babel', 'latest' ]
46 silly mapToRegistry name babel
47 silly mapToRegistry using default registry
48 silly mapToRegistry registry https://registry.npmjs.org/
49 silly mapToRegistry data Result {
49 silly mapToRegistry   raw: 'babel',
49 silly mapToRegistry   scope: null,
49 silly mapToRegistry   escapedName: 'babel',
49 silly mapToRegistry   name: 'babel',
49 silly mapToRegistry   rawSpec: '',
49 silly mapToRegistry   spec: 'latest',
49 silly mapToRegistry   type: 'tag' }
50 silly mapToRegistry uri https://registry.npmjs.org/babel
51 verbose addNameTag registry:https://registry.npmjs.org/babel not in flight; fetching
52 verbose get https://registry.npmjs.org/babel not expired, no request
53 silly addNameTag next cb for babel with tag latest
54 silly addNamed babel@6.5.2
55 verbose addNamed "6.5.2" is a plain semver version for babel
56 warn deprecated babel@6.5.2: Babel's CLI commands have been moved from the babel package to the babel-cli package
57 silly cache afterAdd babel@6.5.2
58 verbose afterAdd /Users/gabriellaroncone/.npm/babel/6.5.2/package/package.json not in flight; writing
59 verbose correctMkdir /Users/gabriellaroncone/.npm correctMkdir not in flight; initializing
60 verbose afterAdd /Users/gabriellaroncone/.npm/babel/6.5.2/package/package.json written
61 silly loadAllDepsIntoIdealTree Finishing
62 silly loadIdealTree Finishing
63 silly currentTree lib
63 silly currentTree └── babel@6.5.2
64 silly idealTree lib
64 silly idealTree └── babel@6.5.2
65 silly generateActionsToTake Starting
66 silly install generateActionsToTake
67 warn checkPermissions Missing write access to /usr/local/lib/node_modules/babel
68 warn checkPermissions Missing write access to /usr/local/lib/node_modules
69 silly rollbackFailedOptional Starting
70 silly rollbackFailedOptional Finishing
71 silly runTopLevelLifecycles Finishing
72 silly install printInstalled
73 verbose stack Error: EACCES: permission denied, access '/usr/local/lib/node_modules/babel'
73 verbose stack     at Error (native)
74 verbose cwd /Users/gabriellaroncone/Desktop/jumbocode/sample-page
75 error Darwin 16.1.0
76 error argv "/usr/local/bin/node" "/usr/local/bin/npm" "install" "-g" "babel"
77 error node v6.9.2
78 error npm  v4.1.2
79 error path /usr/local/lib/node_modules/babel
80 error code EACCES
81 error errno -13
82 error syscall access
83 error Error: EACCES: permission denied, access '/usr/local/lib/node_modules/babel'
83 error     at Error (native)
83 error  { Error: EACCES: permission denied, access '/usr/local/lib/node_modules/babel'
83 error     at Error (native)
83 error   errno: -13,
83 error   code: 'EACCES',
83 error   syscall: 'access',
83 error   path: '/usr/local/lib/node_modules/babel' }
84 error Please try running this command again as root/Administrator.
85 verbose exit [ -13, true ]
